<?xml version="1.0" encoding="UTF-8"?>
<!-- Generated by org.testng.reporters.JUnitReportReporter -->
<testsuite hostname="DESKTOP-71MQN8E" failures="0" tests="1" name="LIMS.ims.pratice.NewTest1" time="0.011" errors="0" timestamp="2023-02-24T15:07:24 IST" skipped="0">
  <testcase classname="LIMS.ims.pratice.NewTest1" name="f" time="0.011"/>
  <system-out/>
</testsuite> <!-- LIMS.ims.pratice.NewTest1 -->
